Added Component: Designator=C8(C0603)
Added Component: Designator=C10(C0603)
Added Component: Designator=C11(C0603)
Added Component: Designator=C12(C0603)
Added Component: Designator=C13(C0603)
Added Component: Designator=C14(C1206)
Added Component: Designator=C16(C0603)
Added Component: Designator=C17(C0603)
Added Component: Designator=C18(C0603)
Added Component: Designator=C?(C0805)
Added Component: Designator=R23(R0805)
Added Component: Designator=Y?(SMD-3225_4P)
Added Pin To Net: NetName=GND Pin=C8-1
Added Pin To Net: NetName=NetC8_2 Pin=C8-2
Added Pin To Net: NetName=GND Pin=C10-1
Added Pin To Net: NetName=NetC10_2 Pin=C10-2
Added Pin To Net: NetName=GND Pin=C11-1
Added Pin To Net: NetName=+3V3_PER Pin=C11-2
Added Pin To Net: NetName=GND Pin=C12-1
Added Pin To Net: NetName=NetC8_2 Pin=C12-2
Added Pin To Net: NetName=GND Pin=C13-1
Added Pin To Net: NetName=NetC8_2 Pin=C13-2
Added Pin To Net: NetName=EGND Pin=C14-1
Added Pin To Net: NetName=NetC14_2 Pin=C14-2
Added Pin To Net: NetName=NetC10_2 Pin=C16-1
Added Pin To Net: NetName=GND Pin=C16-2
Added Pin To Net: NetName=GND Pin=C17-1
Added Pin To Net: NetName=NetC8_2 Pin=C17-2
Added Pin To Net: NetName=GND Pin=C18-1
Added Pin To Net: NetName=NetC8_2 Pin=C18-2
Added Pin To Net: NetName=GND Pin=C?-1
Added Pin To Net: NetName=NetC8_2 Pin=C?-2
Added Pin To Net: NetName=NetR23_1 Pin=R23-1
Added Pin To Net: NetName=GND Pin=R23-2
Added Pin To Net: NetName=NetC19_1 Pin=Y?-1
Added Pin To Net: NetName=NetC9_1 Pin=Y?-3
Added Member To Class: ClassName=Ethernet Member=Component C8 100nF
Added Member To Class: ClassName=Ethernet Member=Component C10 470pF
Added Member To Class: ClassName=Ethernet Member=Component C11 100nF
Added Member To Class: ClassName=Ethernet Member=Component C12 100nF
Added Member To Class: ClassName=Ethernet Member=Component C13 100nF
Added Member To Class: ClassName=Ethernet Member=Component C14 1nF 2000V
Added Member To Class: ClassName=Ethernet Member=Component C16 1uF_X5R_0603
Added Member To Class: ClassName=Ethernet Member=Component C17 100nF
Added Member To Class: ClassName=Ethernet Member=Component C18 100nF
Added Member To Class: ClassName=Ethernet Member=Component C? Cap
Added Member To Class: ClassName=Ethernet Member=Component R23 12K1
Added Member To Class: ClassName=Ethernet Member=Component Y? XTAL_25MHz
