Removed Pin From Net: NetName=NetR19_2 Pin=R19-2
Removed Pin From Net: NetName=NetR20_2 Pin=R20-2
Removed Pin From Net: NetName=NetCN1_4 Pin=R21-2
Removed Pin From Net: NetName=NetCN1_7 Pin=R22-2
Removed Pin From Net: NetName=NetCN1_9 Pin=R28-1
Change Component Designator: OldDesignator=C? NewDesignator=C15
Change Component Designator: OldDesignator=Y? NewDesignator=Y2
Added Component: Designator=D2(0603_LED)
Added Component: Designator=D3(0603_LED)
Added Component: Designator=IC_T1(ETH_Transf 11FB-05NL)
Added Component: Designator=T1(RJ45_ETH)
Added Pin To Net: NetName=NetCN1_11 Pin=D2-1
Added Pin To Net: NetName=NetCN1_12 Pin=D2-2
Added Pin To Net: NetName=NetR19_2 Pin=D3-1
Added Pin To Net: NetName=NetR20_2 Pin=D3-2
Added Pin To Net: NetName=TD_P Pin=IC_T1-1
Added Pin To Net: NetName=NetC8_2 Pin=IC_T1-2
Added Pin To Net: NetName=TD_N Pin=IC_T1-3
Added Pin To Net: NetName=RD_P Pin=IC_T1-6
Added Pin To Net: NetName=NetC8_2 Pin=IC_T1-7
Added Pin To Net: NetName=RD_N Pin=IC_T1-8
Added Pin To Net: NetName=NetR19_2 Pin=R28-1
Added Pin To Net: NetName=NetCN1_3 Pin=U2-54
Added Pin To Net: NetName=NetCN1_2 Pin=U2-55
Added Pin To Net: NetName=NetCN1_1 Pin=U2-56
Added Pin To Net: NetName=NetCN1_4 Pin=U2-57
Added Pin To Net: NetName=NetCN1_9 Pin=U2-96
Added Pin To Net: NetName=NetCN1_10 Pin=U2-97
Added Pin To Net: NetName=NetCN1_6 Pin=U2-105
Added Pin To Net: NetName=NetCN1_7 Pin=U2-109
Change Net Name : Old Net Name=GND New Net Name=RJ45_SHIELD
Change Net Name : Old Net Name=NetCN1_1 New Net Name=WIFI_RST
Change Net Name : Old Net Name=NetCN1_2 New Net Name=WIFI_GPIO2
Change Net Name : Old Net Name=NetCN1_3 New Net Name=WIFI_GPIO0
Change Net Name : Old Net Name=NetCN1_4 New Net Name=WIFI_EN
Change Net Name : Old Net Name=NetCN1_6 New Net Name=SWDIO
Change Net Name : Old Net Name=NetCN1_7 New Net Name=SWCLK
Change Net Name : Old Net Name=NetCN1_9 New Net Name=MCU_TX6
Change Net Name : Old Net Name=NetCN1_10 New Net Name=MCU_RX6
Change Net Name : Old Net Name=NetCN1_11 New Net Name=NetD2_1
Change Net Name : Old Net Name=NetCN1_12 New Net Name=NetD2_2
Change Net Name : Old Net Name=NetR19_2 New Net Name=NetD3_1
Change Net Name : Old Net Name=NetR20_2 New Net Name=NetD3_2
Added Pin To Net: NetName=NetIC_T1_9 Pin=IC_T1-9
Added Pin To Net: NetName=NetIC_T1_9 Pin=T1-6
Added Net: Name=NetIC_T1_9
Added Pin To Net: NetName=NetIC_T1_11 Pin=IC_T1-11
Added Pin To Net: NetName=NetIC_T1_11 Pin=T1-3
Added Net: Name=NetIC_T1_11
Added Pin To Net: NetName=NetIC_T1_14 Pin=IC_T1-14
Added Pin To Net: NetName=NetIC_T1_14 Pin=T1-2
Added Net: Name=NetIC_T1_14
Added Pin To Net: NetName=NetIC_T1_16 Pin=IC_T1-16
Added Pin To Net: NetName=NetIC_T1_16 Pin=T1-1
Added Net: Name=NetIC_T1_16
Added Member To Class: ClassName=Ethernet Member=Component D2 LED_Green
Added Member To Class: ClassName=Ethernet Member=Component D3 LED_Yellow
Added Member To Class: ClassName=Ethernet Member=Component IC_T1 ETH_Transf_11FB-05NL
Added Member To Class: ClassName=Ethernet Member=Component T1 RJ45
